#
# There is insufficient memory for the Java Runtime Environment to continue.
# Native memory allocation (mmap) failed to map 65011712 bytes for Failed to commit area from 0x00000000c2000000 to 0x00000000c5e00000 of length 65011712.
# Possible reasons:
#   The system is out of physical RAM or swap space
#   The process is running with CompressedOops enabled, and the Java Heap may be blocking the growth of the native heap
# Possible solutions:
#   Reduce memory load on the system
#   Increase physical memory or swap space
#   Check if swap backing store is full
#   Decrease Java heap size (-Xmx/-Xms)
#   Decrease number of Java threads
#   Decrease Java thread stack sizes (-Xss)
#   Set larger code cache with -XX:ReservedCodeCacheSize=
# This output file may be truncated or incomplete.
#
#  Out of Memory Error (t:/workspace/hotspot/src/os/windows/vm/os_windows.cpp:3357), pid=28516, tid=28960
#
# JRE version:  (9.0+11) (build )
# Java VM: Java HotSpot(TM) 64-Bit Server VM (9.0.4+11, mixed mode, tiered, compressed oops, g1 gc, windows-amd64)
# No core dump will be written. Minidumps are not enabled by default on client versions of Windows
#

---------------  S U M M A R Y ------------

Command Line: -javaagent:C:\Program Files\JetBrains\IntelliJ IDEA Community Edition 2017.3.4\lib\idea_rt.jar=54368:C:\Program Files\JetBrains\IntelliJ IDEA Community Edition 2017.3.4\bin -Dfile.encoding=UTF-8 com.company.Main

Host: Intel(R) Core(TM) i3-6006U CPU @ 2.00GHz, 4 cores, 3G,  Windows 10 , 64 bit Build 16299 (10.0.16299.15)
Time: Wed Mar 14 22:06:26 2018 ?rodkowoeuropejski czas stand. elapsed time: 0 seconds (0d 0h 0m 0s)

---------------  T H R E A D  ---------------

Current thread (0x000001b116ab1800):  JavaThread "Unknown thread" [_thread_in_vm, id=28960, stack(0x0000004285800000,0x0000004285900000)]

Stack: [0x0000004285800000,0x0000004285900000]
Native frames: (J=compiled Java code, j=interpreted, Vv=VM code, C=native code)
V  [jvm.dll+0x587068]
V  [jvm.dll+0x69c25e]
V  [jvm.dll+0x69d17a]
V  [jvm.dll+0x69d7b3]
V  [jvm.dll+0x21d198]
V  [jvm.dll+0x584bb4]
V  [jvm.dll+0x57a095]
V  [jvm.dll+0x2cd67b]
V  [jvm.dll+0x2cd5e3]
V  [jvm.dll+0x2cd4b2]
V  [jvm.dll+0x2cf4b3]
V  [jvm.dll+0x3191e3]
V  [jvm.dll+0x3198f6]
V  [jvm.dll+0x3192e3]
V  [jvm.dll+0x2adeb8]
V  [jvm.dll+0x2af0e7]
V  [jvm.dll+0x67b34d]
V  [jvm.dll+0x67c70c]
V  [jvm.dll+0x3269c9]
V  [jvm.dll+0x66555e]
V  [jvm.dll+0x391811]
V  [jvm.dll+0x3937c1]
C  [java.exe+0x34f1]
C  [java.exe+0xe24f]
C  [java.exe+0xe3f6]
C  [KERNEL32.DLL+0x11fe4]
C  [ntdll.dll+0x6efc1]


---------------  P R O C E S S  ---------------

Java Threads: ( => current thread )

Other Threads:
  0x000001b116ac7800 GCTaskThread "GC Thread#0" [stack: 0x0000004285900000,0x0000004285a00000] [id=24964]
  0x000001b116ac9000 GCTaskThread "GC Thread#1" [stack: 0x0000004285a00000,0x0000004285b00000] [id=27972]
  0x000001b116acb800 GCTaskThread "GC Thread#2" [stack: 0x0000004285b00000,0x0000004285c00000] [id=28480]
  0x000001b116acc800 GCTaskThread "GC Thread#3" [stack: 0x0000004285c00000,0x0000004285d00000] [id=19424]
  0x000001b116b0f000 ConcurrentGCThread "G1 Main Marker" [stack: 0x0000004286200000,0x0000004286300000] [id=13664]
  0x000001b116b10000 ConcurrentGCThread "G1 Marker#0" [stack: 0x0000004286300000,0x0000004286400000] [id=28756]
  0x000001b116ad8800 ConcurrentGCThread "G1 Refine#0" [stack: 0x0000004286000000,0x0000004286100000] [id=24516]
  0x000001b116ad7800 ConcurrentGCThread "G1 Refine#1" [stack: 0x0000004285f00000,0x0000004286000000] [id=15420]
  0x000001b116ad6800 ConcurrentGCThread "G1 Refine#2" [stack: 0x0000004285e00000,0x0000004285f00000] [id=6008]
  0x000001b116ad4000 ConcurrentGCThread "G1 Refine#3" [stack: 0x0000004285d00000,0x0000004285e00000] [id=4712]
  0x000001b116ad9800 ConcurrentGCThread "G1 Young RemSet Sampling" [stack: 0x0000004286100000,0x0000004286200000] [id=2620]

=>0x000001b116ab1800 (exited) JavaThread "Unknown thread" [_thread_in_vm, id=28960, stack(0x0000004285800000,0x0000004285900000)]

Threads with active compile tasks:

VM state:not at safepoint (not fully initialized)

VM Mutex/Monitor currently owned by a thread:  ([mutex/lock_event])
[0x000001b116aafee0] Heap_lock - owner thread: 0x000001b116ab1800

Heap address: 0x00000000c2000000, size: 992 MB, Compressed Oops mode: Non-zero based: 0x00000000c2000000
Narrow klass base: 0x0000000000000000, Narrow klass shift: 0

GC Heap History (0 events):
No events

Deoptimization events (0 events):
No events

Classes redefined (0 events):
No events

Internal exceptions (0 events):
No events

Events (0 events):
No events


Dynamic libraries:
0x00007ff752f10000 - 0x00007ff752f4e000 	C:\Program Files\Java\jdk-9.0.4\bin\java.exe
0x00007ffa91310000 - 0x00007ffa914f0000 	C:\WINDOWS\SYSTEM32\ntdll.dll
0x00007ffa90260000 - 0x00007ffa9030e000 	C:\WINDOWS\System32\KERNEL32.DLL
0x00007ffa8e210000 - 0x00007ffa8e476000 	C:\WINDOWS\System32\KERNELBASE.dll
0x00007ffa91120000 - 0x00007ffa911c1000 	C:\WINDOWS\System32\ADVAPI32.dll
0x00007ffa8fc40000 - 0x00007ffa8fcdd000 	C:\WINDOWS\System32\msvcrt.dll
0x00007ffa8ff90000 - 0x00007ffa8ffeb000 	C:\WINDOWS\System32\sechost.dll
0x00007ffa8fe70000 - 0x00007ffa8ff8f000 	C:\WINDOWS\System32\RPCRT4.dll
0x00007ffa8fce0000 - 0x00007ffa8fe6f000 	C:\WINDOWS\System32\USER32.dll
0x00007ffa8e530000 - 0x00007ffa8e550000 	C:\WINDOWS\System32\win32u.dll
0x00007ffa910f0000 - 0x00007ffa91118000 	C:\WINDOWS\System32\GDI32.dll
0x00007ffa8e550000 - 0x00007ffa8e6e3000 	C:\WINDOWS\System32\gdi32full.dll
0x00007ffa8e740000 - 0x00007ffa8e7db000 	C:\WINDOWS\System32\msvcp_win.dll
0x00007ffa8d710000 - 0x00007ffa8d806000 	C:\WINDOWS\System32\ucrtbase.dll
0x00007ffa81930000 - 0x00007ffa81b99000 	C:\WINDOWS\WinSxS\amd64_microsoft.windows.common-controls_6595b64144ccf1df_6.0.16299.248_none_15ced204935f55d7\COMCTL32.dll
0x00007ffa908b0000 - 0x00007ffa90bb8000 	C:\WINDOWS\System32\combase.dll
0x00007ffa8da40000 - 0x00007ffa8dab2000 	C:\WINDOWS\System32\bcryptPrimitives.dll
0x00007ffa81c40000 - 0x00007ffa81c4a000 	C:\WINDOWS\SYSTEM32\VERSION.dll
0x00007ffa90310000 - 0x00007ffa9033d000 	C:\WINDOWS\System32\IMM32.DLL
0x00007ffa5fae0000 - 0x00007ffa5fbcf000 	C:\Program Files\Java\jdk-9.0.4\bin\msvcr120.dll
0x00007ffa5fa30000 - 0x00007ffa5fad6000 	C:\Program Files\Java\jdk-9.0.4\bin\msvcp120.dll
0x000000005d160000 - 0x000000005db85000 	C:\Program Files\Java\jdk-9.0.4\bin\server\jvm.dll
0x00007ffa8fff0000 - 0x00007ffa8fff8000 	C:\WINDOWS\System32\PSAPI.DLL
0x00007ffa7ee70000 - 0x00007ffa7ee79000 	C:\WINDOWS\SYSTEM32\WSOCK32.dll
0x00007ffa90d30000 - 0x00007ffa90d9c000 	C:\WINDOWS\System32\WS2_32.dll
0x00007ffa893b0000 - 0x00007ffa893d3000 	C:\WINDOWS\SYSTEM32\WINMM.dll
0x00007ffa89340000 - 0x00007ffa8936a000 	C:\WINDOWS\SYSTEM32\WINMMBASE.dll
0x00007ffa8e6f0000 - 0x00007ffa8e73a000 	C:\WINDOWS\System32\cfgmgr32.dll
0x00007ffa88c20000 - 0x00007ffa88c2f000 	C:\Program Files\Java\jdk-9.0.4\bin\verify.dll
0x00007ffa69460000 - 0x00007ffa69487000 	C:\Program Files\Java\jdk-9.0.4\bin\java.dll
0x00007ffa5efa0000 - 0x00007ffa5efca000 	C:\Program Files\Java\jdk-9.0.4\bin\instrument.dll
0x00007ffa66800000 - 0x00007ffa66816000 	C:\Program Files\Java\jdk-9.0.4\bin\zip.dll
0x00007ffa87450000 - 0x00007ffa8745a000 	C:\Program Files\Java\jdk-9.0.4\bin\jimage.dll
0x00007ffa8c120000 - 0x00007ffa8c2e8000 	C:\WINDOWS\SYSTEM32\dbghelp.dll

VM Arguments:
jvm_args: -javaagent:C:\Program Files\JetBrains\IntelliJ IDEA Community Edition 2017.3.4\lib\idea_rt.jar=54368:C:\Program Files\JetBrains\IntelliJ IDEA Community Edition 2017.3.4\bin -Dfile.encoding=UTF-8 
java_command: com.company.Main
java_class_path (initial): C:\Users\Tomas\IdeaProjects\GRAKolkoKrzyzyk\out\production\untitled104
Launcher Type: SUN_STANDARD

Logging:
Log output configuration:
#0: stdout all=warning uptime,level,tags
#1: stderr all=off uptime,level,tags

Environment Variables:
PATH=C:\ProgramData\Oracle\Java\javapath;C:\Program Files (x86)\Intel\iCLS Client\;C:\Program Files\Intel\iCLS Client\;C:\WINDOWS\system32;C:\WINDOWS;C:\WINDOWS\System32\Wbem;C:\WINDOWS\System32\WindowsPowerShell\v1.0\;C:\Program Files (x86)\Intel\Intel(R) Management Engine Components\DAL;C:\Program Files\Intel\Intel(R) Management Engine Components\DAL;C:\Program Files (x86)\Intel\Intel(R) Management Engine Components\IPT;C:\Program Files\Intel\Intel(R) Management Engine Components\IPT;C:\Program Files (x86)\Skype\Phone\;C:\Program Files\Git\cmd;C:\Users\Tomas\AppData\Local\Microsoft\WindowsApps;C:\Users\Tomas\AppData\Local\GitHubDesktop\bin
USERNAME=Tomas
OS=Windows_NT
PROCESSOR_IDENTIFIER=Intel64 Family 6 Model 78 Stepping 3, GenuineIntel



---------------  S Y S T E M  ---------------

OS: Windows 10 , 64 bit Build 16299 (10.0.16299.15)

CPU:total 4 (initial active 4) (2 cores per cpu, 2 threads per core) family 6 model 78 stepping 3, cmov, cx8, fxsr, mmx, sse, sse2, sse3, ssse3, sse4.1, sse4.2, popcnt, avx, avx2, aes, clmul, erms, 3dnowpref, lzcnt, ht, tsc, tscinvbit, bmi1, bmi2, adx, fma

Memory: 4k page, physical 4057152k(314256k free), swap 16640064k(47348k free)

vm_info: Java HotSpot(TM) 64-Bit Server VM (9.0.4+11) for windows-amd64 JRE (9.0.4+11), built on Dec 20 2017 02:18:54 by "mach5one" with MS VC++ 12.0 (VS2013)

END.
