#
# There is insufficient memory for the Java Runtime Environment to continue.
# Native memory allocation (malloc) failed to allocate 32744 bytes for ChunkPool::allocate
# Possible reasons:
#   The system is out of physical RAM or swap space
#   The process is running with CompressedOops enabled, and the Java Heap may be blocking the growth of the native heap
# Possible solutions:
#   Reduce memory load on the system
#   Increase physical memory or swap space
#   Check if swap backing store is full
#   Decrease Java heap size (-Xmx/-Xms)
#   Decrease number of Java threads
#   Decrease Java thread stack sizes (-Xss)
#   Set larger code cache with -XX:ReservedCodeCacheSize=
#   JVM is running with Unscaled Compressed Oops mode in which the Java heap is
#     placed in the first 4GB address space. The Java Heap base address is the
#     maximum limit for the native heap growth. Please use -XX:HeapBaseMinAddress
#     to set the Java Heap base and to place the Java Heap above 4GB virtual address.
# This output file may be truncated or incomplete.
#
#  Out of Memory Error (t:/workspace/hotspot/src/share/vm/memory/allocation.cpp:256), pid=7024, tid=13240
#
# JRE version: Java(TM) SE Runtime Environment (9.0+11) (build 9.0.4+11)
# Java VM: Java HotSpot(TM) 64-Bit Server VM (9.0.4+11, mixed mode, tiered, compressed oops, g1 gc, windows-amd64)
# No core dump will be written. Minidumps are not enabled by default on client versions of Windows
#

---------------  S U M M A R Y ------------

Command Line: -javaagent:C:\Program Files\JetBrains\IntelliJ IDEA Community Edition 2017.3.4\lib\idea_rt.jar=49846:C:\Program Files\JetBrains\IntelliJ IDEA Community Edition 2017.3.4\bin -Dfile.encoding=UTF-8 com.company.Main

Host: Intel(R) Core(TM) i3-6006U CPU @ 2.00GHz, 4 cores, 3G,  Windows 10 , 64 bit Build 16299 (10.0.16299.15)
Time: Sun Mar 25 18:56:19 2018 ?rodkowoeuropejski czas letni elapsed time: 94684 seconds (1d 2h 18m 4s)

---------------  T H R E A D  ---------------

Current thread (0x000001f6e49fc000):  JavaThread "C1 CompilerThread2" daemon [_thread_in_native, id=13240, stack(0x0000001dfe000000,0x0000001dfe100000)]


Current CompileTask:
C1:94684033  984       3       java.security.AccessControlContext::optimize (318 bytes)

Stack: [0x0000001dfe000000,0x0000001dfe100000]
Native frames: (J=compiled Java code, j=interpreted, Vv=VM code, C=native code)
V  [jvm.dll+0x587068]
V  [jvm.dll+0x69c25e]
V  [jvm.dll+0x69d17a]
V  [jvm.dll+0x69d7b3]
V  [jvm.dll+0x21d198]
V  [jvm.dll+0xa802d]
V  [jvm.dll+0xa7afa]
V  [jvm.dll+0xa83ec]
V  [jvm.dll+0x13de21]
V  [jvm.dll+0x13cccc]
V  [jvm.dll+0x13687e]
V  [jvm.dll+0x132cfe]
V  [jvm.dll+0x11f860]
V  [jvm.dll+0x108110]
V  [jvm.dll+0x107c99]
V  [jvm.dll+0x107e03]
V  [jvm.dll+0x107173]
V  [jvm.dll+0x108ca7]
V  [jvm.dll+0x1f6570]
V  [jvm.dll+0x1f51f6]
V  [jvm.dll+0x66b44f]
V  [jvm.dll+0x586490]
C  [msvcr120.dll+0x24f7f]
C  [msvcr120.dll+0x25126]
C  [KERNEL32.DLL+0x11fe4]
C  [ntdll.dll+0x6efc1]


---------------  P R O C E S S  ---------------

Java Threads: ( => current thread )
  0x000001f6c3fb1000 JavaThread "DestroyJavaVM" [_thread_blocked, id=8972, stack(0x0000001dfcc00000,0x0000001dfcd00000)]
  0x000001f6e58d6000 JavaThread "AWT-EventQueue-0" [_thread_in_native, id=5156, stack(0x0000001dfea00000,0x0000001dfeb00000)]
  0x000001f6e4fe7800 JavaThread "AWT-Windows" daemon [_thread_in_Java, id=10952, stack(0x0000001dfe800000,0x0000001dfe900000)]
  0x000001f6e5510800 JavaThread "AWT-Shutdown" [_thread_blocked, id=8720, stack(0x0000001dfe700000,0x0000001dfe800000)]
  0x000001f6e4fee000 JavaThread "Java2D Disposer" daemon [_thread_blocked, id=9784, stack(0x0000001dfe600000,0x0000001dfe700000)]
  0x000001f6e4cb7000 JavaThread "Service Thread" daemon [_thread_blocked, id=8332, stack(0x0000001dfe400000,0x0000001dfe500000)]
  0x000001f6e4cb6800 JavaThread "Monitor Ctrl-Break" daemon [_thread_in_native, id=4936, stack(0x0000001dfe300000,0x0000001dfe400000)]
  0x000001f6e4a73800 JavaThread "Common-Cleaner" daemon [_thread_blocked, id=5540, stack(0x0000001dfe200000,0x0000001dfe300000)]
  0x000001f6e4a4f800 JavaThread "Sweeper thread" daemon [_thread_blocked, id=11596, stack(0x0000001dfe100000,0x0000001dfe200000)]
=>0x000001f6e49fc000 JavaThread "C1 CompilerThread2" daemon [_thread_in_native, id=13240, stack(0x0000001dfe000000,0x0000001dfe100000)]
  0x000001f6e49d8000 JavaThread "C2 CompilerThread1" daemon [_thread_blocked, id=12888, stack(0x0000001dfdf00000,0x0000001dfe000000)]
  0x000001f6e49d5800 JavaThread "C2 CompilerThread0" daemon [_thread_blocked, id=2460, stack(0x0000001dfde00000,0x0000001dfdf00000)]
  0x000001f6e49c9800 JavaThread "Attach Listener" daemon [_thread_blocked, id=9780, stack(0x0000001dfdd00000,0x0000001dfde00000)]
  0x000001f6e49c8800 JavaThread "Signal Dispatcher" daemon [_thread_blocked, id=2288, stack(0x0000001dfdc00000,0x0000001dfdd00000)]
  0x000001f6e4973000 JavaThread "Finalizer" daemon [_thread_blocked, id=6196, stack(0x0000001dfda00000,0x0000001dfdb00000)]
  0x000001f6e4968000 JavaThread "Reference Handler" daemon [_thread_blocked, id=5020, stack(0x0000001dfd900000,0x0000001dfda00000)]

Other Threads:
  0x000001f6e40ec800 VMThread "VM Thread" [stack: 0x0000001dfd800000,0x0000001dfd900000] [id=10728]
  0x000001f6e4cd0800 WatcherThread [stack: 0x0000001dfe500000,0x0000001dfe600000] [id=13192]
  0x000001f6c3fc7000 GCTaskThread "GC Thread#0" [stack: 0x0000001dfcd00000,0x0000001dfce00000] [id=11324]
  0x000001f6c3fc8800 GCTaskThread "GC Thread#1" [stack: 0x0000001dfce00000,0x0000001dfcf00000] [id=10080]
  0x000001f6c3fcb000 GCTaskThread "GC Thread#2" [stack: 0x0000001dfcf00000,0x0000001dfd000000] [id=4056]
  0x000001f6c3fce000 GCTaskThread "GC Thread#3" [stack: 0x0000001dfd000000,0x0000001dfd100000] [id=5548]
  0x000001f6c401a800 ConcurrentGCThread "G1 Main Marker" [stack: 0x0000001dfd600000,0x0000001dfd700000] [id=5820]
  0x000001f6c4023800 ConcurrentGCThread "G1 Marker#0" [stack: 0x0000001dfd700000,0x0000001dfd800000] [id=3132]
  0x000001f6c3fdb800 ConcurrentGCThread "G1 Refine#0" [stack: 0x0000001dfd400000,0x0000001dfd500000] [id=3148]
  0x000001f6c3fda800 ConcurrentGCThread "G1 Refine#1" [stack: 0x0000001dfd300000,0x0000001dfd400000] [id=12016]
  0x000001f6c3fd8000 ConcurrentGCThread "G1 Refine#2" [stack: 0x0000001dfd200000,0x0000001dfd300000] [id=1632]
  0x000001f6c3fd5000 ConcurrentGCThread "G1 Refine#3" [stack: 0x0000001dfd100000,0x0000001dfd200000] [id=616]
  0x000001f6c3fe2000 ConcurrentGCThread "G1 Young RemSet Sampling" [stack: 0x0000001dfd500000,0x0000001dfd600000] [id=4212]

Threads with active compile tasks:
C1 CompilerThread2 984       3       java.security.AccessControlContext::optimize (318 bytes)

VM state:not at safepoint (normal execution)

VM Mutex/Monitor currently owned by a thread: None

Heap address: 0x00000000c2000000, size: 992 MB, Compressed Oops mode: 32-bit
Narrow klass base: 0x0000000000000000, Narrow klass shift: 3
Compressed class space size: 1073741824 Address: 0x0000000100000000

Heap:
 garbage-first heap   total 63488K, used 9453K [0x00000000c2000000, 0x00000000c21001f0, 0x0000000100000000)
  region size 1024K, 8 young (8192K), 2 survivors (2048K)
 Metaspace       used 14798K, capacity 15706K, committed 16000K, reserved 1062912K
  class space    used 1615K, capacity 1809K, committed 1920K, reserved 1048576K
Heap Regions: E=young(eden), S=young(survivor), O=old, HS=humongous(starts), HC=humongous(continues), CS=collection set, F=free, A=archive, TS=gc time stamp, AC=allocation context, TAMS=top-at-mark-start (previous, next)
|   0|0x00000000c2000000, 0x00000000c203b600, 0x00000000c2100000| 23%| O|  |TS  1|AC  0|TAMS 0x00000000c2000000, 0x00000000c2000000|
|   1|0x00000000c2100000, 0x00000000c2200000, 0x00000000c2200000|100%|HS|  |TS  0|AC  0|TAMS 0x00000000c2100000, 0x00000000c2100000|
|   2|0x00000000c2200000, 0x00000000c2300000, 0x00000000c2300000|100%|HC|  |TS  0|AC  0|TAMS 0x00000000c2200000, 0x00000000c2200000|
|   3|0x00000000c2300000, 0x00000000c2300000, 0x00000000c2400000|  0%| F|  |TS  0|AC  0|TAMS 0x00000000c2300000, 0x00000000c2300000|
|   4|0x00000000c2400000, 0x00000000c2400000, 0x00000000c2500000|  0%| F|  |TS  0|AC  0|TAMS 0x00000000c2400000, 0x00000000c2400000|
|   5|0x00000000c2500000, 0x00000000c2500000, 0x00000000c2600000|  0%| F|  |TS  0|AC  0|TAMS 0x00000000c2500000, 0x00000000c2500000|
|   6|0x00000000c2600000, 0x00000000c2600000, 0x00000000c2700000|  0%| F|  |TS  0|AC  0|TAMS 0x00000000c2600000, 0x00000000c2600000|
|   7|0x00000000c2700000, 0x00000000c2700000, 0x00000000c2800000|  0%| F|  |TS  0|AC  0|TAMS 0x00000000c2700000, 0x00000000c2700000|
|   8|0x00000000c2800000, 0x00000000c2800000, 0x00000000c2900000|  0%| F|  |TS  0|AC  0|TAMS 0x00000000c2800000, 0x00000000c2800000|
|   9|0x00000000c2900000, 0x00000000c2900000, 0x00000000c2a00000|  0%| F|  |TS  0|AC  0|TAMS 0x00000000c2900000, 0x00000000c2900000|
|  10|0x00000000c2a00000, 0x00000000c2a00000, 0x00000000c2b00000|  0%| F|  |TS  0|AC  0|TAMS 0x00000000c2a00000, 0x00000000c2a00000|
|  11|0x00000000c2b00000, 0x00000000c2b00000, 0x00000000c2c00000|  0%| F|  |TS  0|AC  0|TAMS 0x00000000c2b00000, 0x00000000c2b00000|
|  12|0x00000000c2c00000, 0x00000000c2c00000, 0x00000000c2d00000|  0%| F|  |TS  0|AC  0|TAMS 0x00000000c2c00000, 0x00000000c2c00000|
|  13|0x00000000c2d00000, 0x00000000c2d00000, 0x00000000c2e00000|  0%| F|  |TS  0|AC  0|TAMS 0x00000000c2d00000, 0x00000000c2d00000|
|  14|0x00000000c2e00000, 0x00000000c2e00000, 0x00000000c2f00000|  0%| F|  |TS  0|AC  0|TAMS 0x00000000c2e00000, 0x00000000c2e00000|
|  15|0x00000000c2f00000, 0x00000000c2f00000, 0x00000000c3000000|  0%| F|  |TS  0|AC  0|TAMS 0x00000000c2f00000, 0x00000000c2f00000|
|  16|0x00000000c3000000, 0x00000000c3000000, 0x00000000c3100000|  0%| F|  |TS  0|AC  0|TAMS 0x00000000c3000000, 0x00000000c3000000|
|  17|0x00000000c3100000, 0x00000000c3100000, 0x00000000c3200000|  0%| F|  |TS  0|AC  0|TAMS 0x00000000c3100000, 0x00000000c3100000|
|  18|0x00000000c3200000, 0x00000000c3200000, 0x00000000c3300000|  0%| F|  |TS  0|AC  0|TAMS 0x00000000c3200000, 0x00000000c3200000|
|  19|0x00000000c3300000, 0x00000000c3300000, 0x00000000c3400000|  0%| F|  |TS  0|AC  0|TAMS 0x00000000c3300000, 0x00000000c3300000|
|  20|0x00000000c3400000, 0x00000000c3400000, 0x00000000c3500000|  0%| F|  |TS  0|AC  0|TAMS 0x00000000c3400000, 0x00000000c3400000|
|  21|0x00000000c3500000, 0x00000000c3500000, 0x00000000c3600000|  0%| F|  |TS  0|AC  0|TAMS 0x00000000c3500000, 0x00000000c3500000|
|  22|0x00000000c3600000, 0x00000000c3600000, 0x00000000c3700000|  0%| F|  |TS  0|AC  0|TAMS 0x00000000c3600000, 0x00000000c3600000|
|  23|0x00000000c3700000, 0x00000000c3700000, 0x00000000c3800000|  0%| F|  |TS  0|AC  0|TAMS 0x00000000c3700000, 0x00000000c3700000|
|  24|0x00000000c3800000, 0x00000000c3800000, 0x00000000c3900000|  0%| F|  |TS  0|AC  0|TAMS 0x00000000c3800000, 0x00000000c3800000|
|  25|0x00000000c3900000, 0x00000000c3900000, 0x00000000c3a00000|  0%| F|  |TS  0|AC  0|TAMS 0x00000000c3900000, 0x00000000c3900000|
|  26|0x00000000c3a00000, 0x00000000c3a00000, 0x00000000c3b00000|  0%| F|  |TS  0|AC  0|TAMS 0x00000000c3a00000, 0x00000000c3a00000|
|  27|0x00000000c3b00000, 0x00000000c3b00000, 0x00000000c3c00000|  0%| F|  |TS  0|AC  0|TAMS 0x00000000c3b00000, 0x00000000c3b00000|
|  28|0x00000000c3c00000, 0x00000000c3c00000, 0x00000000c3d00000|  0%| F|  |TS  0|AC  0|TAMS 0x00000000c3c00000, 0x00000000c3c00000|
|  29|0x00000000c3d00000, 0x00000000c3d00000, 0x00000000c3e00000|  0%| F|  |TS  0|AC  0|TAMS 0x00000000c3d00000, 0x00000000c3d00000|
|  30|0x00000000c3e00000, 0x00000000c3e00000, 0x00000000c3f00000|  0%| F|  |TS  0|AC  0|TAMS 0x00000000c3e00000, 0x00000000c3e00000|
|  31|0x00000000c3f00000, 0x00000000c3f00000, 0x00000000c4000000|  0%| F|  |TS  0|AC  0|TAMS 0x00000000c3f00000, 0x00000000c3f00000|
|  32|0x00000000c4000000, 0x00000000c4000000, 0x00000000c4100000|  0%| F|  |TS  0|AC  0|TAMS 0x00000000c4000000, 0x00000000c4000000|
|  33|0x00000000c4100000, 0x00000000c4100000, 0x00000000c4200000|  0%| F|  |TS  0|AC  0|TAMS 0x00000000c4100000, 0x00000000c4100000|
|  34|0x00000000c4200000, 0x00000000c4200000, 0x00000000c4300000|  0%| F|  |TS  0|AC  0|TAMS 0x00000000c4200000, 0x00000000c4200000|
|  35|0x00000000c4300000, 0x00000000c4300000, 0x00000000c4400000|  0%| F|  |TS  0|AC  0|TAMS 0x00000000c4300000, 0x00000000c4300000|
|  36|0x00000000c4400000, 0x00000000c4400000, 0x00000000c4500000|  0%| F|  |TS  0|AC  0|TAMS 0x00000000c4400000, 0x00000000c4400000|
|  37|0x00000000c4500000, 0x00000000c4500000, 0x00000000c4600000|  0%| F|  |TS  0|AC  0|TAMS 0x00000000c4500000, 0x00000000c4500000|
|  38|0x00000000c4600000, 0x00000000c4600000, 0x00000000c4700000|  0%| F|  |TS  0|AC  0|TAMS 0x00000000c4600000, 0x00000000c4600000|
|  39|0x00000000c4700000, 0x00000000c4700000, 0x00000000c4800000|  0%| F|  |TS  0|AC  0|TAMS 0x00000000c4700000, 0x00000000c4700000|
|  40|0x00000000c4800000, 0x00000000c4800000, 0x00000000c4900000|  0%| F|  |TS  0|AC  0|TAMS 0x00000000c4800000, 0x00000000c4800000|
|  41|0x00000000c4900000, 0x00000000c4900000, 0x00000000c4a00000|  0%| F|  |TS  0|AC  0|TAMS 0x00000000c4900000, 0x00000000c4900000|
|  42|0x00000000c4a00000, 0x00000000c4a00000, 0x00000000c4b00000|  0%| F|  |TS  0|AC  0|TAMS 0x00000000c4a00000, 0x00000000c4a00000|
|  43|0x00000000c4b00000, 0x00000000c4b00000, 0x00000000c4c00000|  0%| F|  |TS  0|AC  0|TAMS 0x00000000c4b00000, 0x00000000c4b00000|
|  44|0x00000000c4c00000, 0x00000000c4c00000, 0x00000000c4d00000|  0%| F|  |TS  0|AC  0|TAMS 0x00000000c4c00000, 0x00000000c4c00000|
|  45|0x00000000c4d00000, 0x00000000c4d00000, 0x00000000c4e00000|  0%| F|  |TS  0|AC  0|TAMS 0x00000000c4d00000, 0x00000000c4d00000|
|  46|0x00000000c4e00000, 0x00000000c4f00000, 0x00000000c4f00000|100%| S|CS|TS  1|AC  0|TAMS 0x00000000c4e00000, 0x00000000c4e00000|
|  47|0x00000000c4f00000, 0x00000000c5000000, 0x00000000c5000000|100%| S|CS|TS  1|AC  0|TAMS 0x00000000c4f00000, 0x00000000c4f00000|
|  48|0x00000000c5000000, 0x00000000c5000000, 0x00000000c5100000|  0%| F|  |TS  1|AC  0|TAMS 0x00000000c5000000, 0x00000000c5000000|
|  49|0x00000000c5100000, 0x00000000c5100000, 0x00000000c5200000|  0%| F|  |TS  1|AC  0|TAMS 0x00000000c5100000, 0x00000000c5100000|
|  50|0x00000000c5200000, 0x00000000c5200000, 0x00000000c5300000|  0%| F|  |TS  1|AC  0|TAMS 0x00000000c5200000, 0x00000000c5200000|
|  51|0x00000000c5300000, 0x00000000c5300000, 0x00000000c5400000|  0%| F|  |TS  1|AC  0|TAMS 0x00000000c5300000, 0x00000000c5300000|
|  52|0x00000000c5400000, 0x00000000c5400000, 0x00000000c5500000|  0%| F|  |TS  1|AC  0|TAMS 0x00000000c5400000, 0x00000000c5400000|
|  53|0x00000000c5500000, 0x00000000c5500000, 0x00000000c5600000|  0%| F|  |TS  1|AC  0|TAMS 0x00000000c5500000, 0x00000000c5500000|
|  54|0x00000000c5600000, 0x00000000c5600000, 0x00000000c5700000|  0%| F|  |TS  1|AC  0|TAMS 0x00000000c5600000, 0x00000000c5600000|
|  55|0x00000000c5700000, 0x00000000c5700000, 0x00000000c5800000|  0%| F|  |TS  1|AC  0|TAMS 0x00000000c5700000, 0x00000000c5700000|
|  56|0x00000000c5800000, 0x00000000c58ad640, 0x00000000c5900000| 67%| E|  |TS  1|AC  0|TAMS 0x00000000c5800000, 0x00000000c5800000|
|  57|0x00000000c5900000, 0x00000000c5a00000, 0x00000000c5a00000|100%| E|CS|TS  1|AC  0|TAMS 0x00000000c5900000, 0x00000000c5900000|
|  58|0x00000000c5a00000, 0x00000000c5b00000, 0x00000000c5b00000|100%| E|CS|TS  1|AC  0|TAMS 0x00000000c5a00000, 0x00000000c5a00000|
|  59|0x00000000c5b00000, 0x00000000c5c00000, 0x00000000c5c00000|100%| E|CS|TS  1|AC  0|TAMS 0x00000000c5b00000, 0x00000000c5b00000|
|  60|0x00000000c5c00000, 0x00000000c5d00000, 0x00000000c5d00000|100%| E|CS|TS  1|AC  0|TAMS 0x00000000c5c00000, 0x00000000c5c00000|
|  61|0x00000000c5d00000, 0x00000000c5e00000, 0x00000000c5e00000|100%| E|CS|TS  1|AC  0|TAMS 0x00000000c5d00000, 0x00000000c5d00000|

Card table byte_map: [0x000001f6df8d0000,0x000001f6dfac0000] byte_map_base: 0x000001f6df2c0000

Marking Bits (Prev, Next): (CMBitMap*) 0x000001f6c4019ff0, (CMBitMap*) 0x000001f6c401a028
 Prev Bits: [0x000001f6dfcb0000, 0x000001f6e0c30000)
 Next Bits: [0x000001f6e0c30000, 0x000001f6e1bb0000)

Polling page: 0x000001f6c1d90000

CodeHeap 'non-profiled nmethods': size=120064Kb used=405Kb max_used=405Kb free=119658Kb
 bounds [0x000001f6d7a80000, 0x000001f6d7cf0000, 0x000001f6defc0000]
CodeHeap 'profiled nmethods': size=120000Kb used=1612Kb max_used=1612Kb free=118387Kb
 bounds [0x000001f6d0550000, 0x000001f6d07c0000, 0x000001f6d7a80000]
CodeHeap 'non-nmethods': size=5696Kb used=1353Kb max_used=1370Kb free=4342Kb
 bounds [0x000001f6cffc0000, 0x000001f6d0230000, 0x000001f6d0550000]
 total_blobs=1749 nmethods=983 adapters=491
 compilation: enabled

Compilation events (10 events):
Event: 94674.303 Thread 0x000001f6e49fc000 nmethod 979 0x000001f6d06e1490 code [0x000001f6d06e1660, 0x000001f6d06e1890]
Event: 94674.432 Thread 0x000001f6e49d8000  980  s    4       sun.java2d.loops.GraphicsPrimitive::makeUniqueID (26 bytes)
Event: 94674.432 Thread 0x000001f6e49fc000  981  s    3       sun.java2d.loops.GraphicsPrimitiveMgr::locatePrim (96 bytes)
Event: 94674.441 Thread 0x000001f6e49fc000 nmethod 981 0x000001f6d06e1990 code [0x000001f6d06e1bc0, 0x000001f6d06e28f0]
Event: 94674.443 Thread 0x000001f6e49d8000 nmethod 980 0x000001f6d7ae4a90 code [0x000001f6d7ae4c40, 0x000001f6d7ae4eb8]
Event: 94674.462 Thread 0x000001f6e49d5800  982       4       sun.java2d.loops.GraphicsPrimitiveMgr::locate (104 bytes)
Event: 94674.464 Thread 0x000001f6e49fc000  983       3       java.util.ArrayList::elementData (7 bytes)
Event: 94674.465 Thread 0x000001f6e49fc000 nmethod 983 0x000001f6d06e2d10 code [0x000001f6d06e2ec0, 0x000001f6d06e3038]
Event: 94674.472 Thread 0x000001f6e49d5800 nmethod 982 0x000001f6d7ae5010 code [0x000001f6d7ae51c0, 0x000001f6d7ae53d8]
Event: 94683.802 Thread 0x000001f6e49fc000  984       3       java.security.AccessControlContext::optimize (318 bytes)

GC Heap History (2 events):
Event: 1.203 GC heap before
{Heap before GC invocations=0 (full 0):
 garbage-first heap   total 63488K, used 14336K [0x00000000c2000000, 0x00000000c21001f0, 0x0000000100000000)
  region size 1024K, 14 young (14336K), 0 survivors (0K)
 Metaspace       used 12353K, capacity 13118K, committed 13312K, reserved 1060864K
  class space    used 1296K, capacity 1469K, committed 1536K, reserved 1048576K
}
Event: 1.210 GC heap after
{Heap after GC invocations=1 (full 0):
 garbage-first heap   total 63488K, used 2285K [0x00000000c2000000, 0x00000000c21001f0, 0x0000000100000000)
  region size 1024K, 2 young (2048K), 2 survivors (2048K)
 Metaspace       used 12353K, capacity 13118K, committed 13312K, reserved 1060864K
  class space    used 1296K, capacity 1469K, committed 1536K, reserved 1048576K
}

Deoptimization events (1 events):
Event: 0.326 Thread 0x000001f6c3fb1000 Uncommon trap: reason=unstable_if action=reinterpret pc=0x000001f6d7a8b698 method=java.lang.String.charAt(I)C @ 4 c2

Classes redefined (0 events):
No events

Internal exceptions (10 events):
Event: 0.964 Thread 0x000001f6c3fb1000 Exception <a 'java/lang/NoSuchMethodError'{0x00000000c53778b0}: java.lang.invoke.DirectMethodHandle$Holder.invokeStatic(Ljava/lang/Object;ILjava/lang/Object;Ljava/lang/Object;Ljava/lang/Object;)Ljava/lang/Object;> (0x00000000c53778b0) thrown at [t:/worksp
Event: 0.968 Thread 0x000001f6c3fb1000 Exception <a 'java/lang/NoSuchMethodError'{0x00000000c537b5a8}: method resolution failed> (0x00000000c537b5a8) thrown at [t:/workspace/hotspot/src/share/vm/prims/methodHandles.cpp, line 1256]
Event: 1.054 Thread 0x000001f6c3fb1000 Exception <a 'java/lang/ClassNotFoundException'{0x00000000c526d8a8}: com/sun/swing/internal/plaf/metal/resources/spi/metalProvider> (0x00000000c526d8a8) thrown at [t:/workspace/hotspot/src/share/vm/classfile/systemDictionary.cpp, line 218]
Event: 1.059 Thread 0x000001f6c3fb1000 Exception <a 'java/lang/ClassNotFoundException'{0x00000000c52744f8}: com/sun/swing/internal/plaf/basic/resources/spi/basicProvider> (0x00000000c52744f8) thrown at [t:/workspace/hotspot/src/share/vm/classfile/systemDictionary.cpp, line 218]
Event: 1.243 Thread 0x000001f6c3fb1000 Exception <a 'java/lang/NoSuchMethodError'{0x00000000c5c55d08}: java.lang.invoke.DirectMethodHandle$Holder.invokeStatic(Ljava/lang/Object;Ljava/lang/Object;Ljava/lang/Object;Ljava/lang/Object;Ljava/lang/Object;Ljava/lang/Object;Ljava/lang/Object;Ljava/lan
Event: 1.248 Thread 0x000001f6c3fb1000 Exception <a 'java/lang/NoSuchMethodError'{0x00000000c5c755d0}: java.lang.invoke.DirectMethodHandle$Holder.invokeStatic(Ljava/lang/Object;Ljava/lang/Object;Ljava/lang/Object;Ljava/lang/Object;Ljava/lang/Object;Ljava/lang/Object;Ljava/lang/Object;Ljava/lan
Event: 1.250 Thread 0x000001f6c3fb1000 Exception <a 'java/lang/NoSuchMethodError'{0x00000000c5c95ed0}: java.lang.invoke.DirectMethodHandle$Holder.invokeStatic(Ljava/lang/Object;Ljava/lang/Object;Ljava/lang/Object;Ljava/lang/Object;Ljava/lang/Object;Ljava/lang/Object;Ljava/lang/Object;Ljava/lan
Event: 1.319 Thread 0x000001f6e58d6000 Exception <a 'java/lang/NoSuchMethodError'{0x00000000c5a835c8}: java.lang.invoke.DirectMethodHandle$Holder.invokeStatic(Ljava/lang/Object;Ljava/lang/Object;Ljava/lang/Object;Ljava/lang/Object;Ljava/lang/Object;Ljava/lang/Object;Ljava/lang/Object;Ljava/lan
Event: 1.592 Thread 0x000001f6c3fb1000 Exception <a 'java/lang/NoSuchMethodError'{0x00000000c59ff0e0}: java.lang.invoke.DirectMethodHandle$Holder.invokeStatic(Ljava/lang/Object;Ljava/lang/Object;Ljava/lang/Object;Ljava/lang/Object;Ljava/lang/Object;Ljava/lang/Object;Ljava/lang/Object;Ljava/lan
Event: 1.614 Thread 0x000001f6c3fb1000 Exception <a 'java/lang/NoSuchMethodError'{0x00000000c580ef70}: java.lang.invoke.DirectMethodHandle$Holder.invokeStatic(Ljava/lang/Object;Ljava/lang/Object;Ljava/lang/Object;Ljava/lang/Object;Ljava/lang/Object;Ljava/lang/Object;Ljava/lang/Object;Ljava/lan

Events (10 events):
Event: 1656.209 loading class java/awt/desktop/SystemEventListener done
Event: 1656.209 loading class java/awt/desktop/SystemSleepListener done
Event: 94646.499 loading class sun/awt/windows/WToolkit$3
Event: 94646.584 loading class sun/awt/windows/WToolkit$3 done
Event: 94648.463 loading class java/util/WeakHashMap$KeyIterator
Event: 94648.489 loading class java/util/WeakHashMap$HashIterator
Event: 94648.521 loading class java/util/WeakHashMap$HashIterator done
Event: 94648.522 loading class java/util/WeakHashMap$KeyIterator done
Event: 94649.853 loading class javax/swing/RepaintManager$DisplayChangedRunnable
Event: 94649.857 loading class javax/swing/RepaintManager$DisplayChangedRunnable done


Dynamic libraries:
0x00007ff746d40000 - 0x00007ff746d7e000 	C:\Program Files\Java\jdk-9.0.4\bin\java.exe
0x00007ffc35c20000 - 0x00007ffc35e00000 	C:\WINDOWS\SYSTEM32\ntdll.dll
0x00007ffc35b10000 - 0x00007ffc35bbe000 	C:\WINDOWS\System32\KERNEL32.DLL
0x00007ffc32790000 - 0x00007ffc329f6000 	C:\WINDOWS\System32\KERNELBASE.dll
0x00007ffc34120000 - 0x00007ffc341c1000 	C:\WINDOWS\System32\ADVAPI32.dll
0x00007ffc33930000 - 0x00007ffc339cd000 	C:\WINDOWS\System32\msvcrt.dll
0x00007ffc33d10000 - 0x00007ffc33d6b000 	C:\WINDOWS\System32\sechost.dll
0x00007ffc33120000 - 0x00007ffc3323f000 	C:\WINDOWS\System32\RPCRT4.dll
0x00007ffc34430000 - 0x00007ffc345bf000 	C:\WINDOWS\System32\USER32.dll
0x00007ffc32020000 - 0x00007ffc32040000 	C:\WINDOWS\System32\win32u.dll
0x00007ffc339d0000 - 0x00007ffc339f8000 	C:\WINDOWS\System32\GDI32.dll
0x00007ffc32bd0000 - 0x00007ffc32d63000 	C:\WINDOWS\System32\gdi32full.dll
0x00007ffc32d70000 - 0x00007ffc32e0b000 	C:\WINDOWS\System32\msvcp_win.dll
0x00007ffc32a00000 - 0x00007ffc32af6000 	C:\WINDOWS\System32\ucrtbase.dll
0x00007ffc265c0000 - 0x00007ffc26829000 	C:\WINDOWS\WinSxS\amd64_microsoft.windows.common-controls_6595b64144ccf1df_6.0.16299.309_none_15cfd4c4935e6b11\COMCTL32.dll
0x00007ffc33a00000 - 0x00007ffc33d08000 	C:\WINDOWS\System32\combase.dll
0x00007ffc32b00000 - 0x00007ffc32b72000 	C:\WINDOWS\System32\bcryptPrimitives.dll
0x00007ffc26840000 - 0x00007ffc2684a000 	C:\WINDOWS\SYSTEM32\VERSION.dll
0x00007ffc330f0000 - 0x00007ffc3311d000 	C:\WINDOWS\System32\IMM32.DLL
0x00007ffc046f0000 - 0x00007ffc047df000 	C:\Program Files\Java\jdk-9.0.4\bin\msvcr120.dll
0x00007ffc04640000 - 0x00007ffc046e6000 	C:\Program Files\Java\jdk-9.0.4\bin\msvcp120.dll
0x0000000057d20000 - 0x0000000058745000 	C:\Program Files\Java\jdk-9.0.4\bin\server\jvm.dll
0x00007ffc35be0000 - 0x00007ffc35be8000 	C:\WINDOWS\System32\PSAPI.DLL
0x00007ffc23840000 - 0x00007ffc23849000 	C:\WINDOWS\SYSTEM32\WSOCK32.dll
0x00007ffc33d70000 - 0x00007ffc33ddc000 	C:\WINDOWS\System32\WS2_32.dll
0x00007ffc2df90000 - 0x00007ffc2dfb3000 	C:\WINDOWS\SYSTEM32\WINMM.dll
0x00007ffc2df30000 - 0x00007ffc2df5a000 	C:\WINDOWS\SYSTEM32\WINMMBASE.dll
0x00007ffc32b80000 - 0x00007ffc32bca000 	C:\WINDOWS\System32\cfgmgr32.dll
0x00007ffc10570000 - 0x00007ffc1057f000 	C:\Program Files\Java\jdk-9.0.4\bin\verify.dll
0x00007ffc0ecd0000 - 0x00007ffc0ecf7000 	C:\Program Files\Java\jdk-9.0.4\bin\java.dll
0x00007ffc251e0000 - 0x00007ffc2520a000 	C:\Program Files\Java\jdk-9.0.4\bin\instrument.dll
0x00007ffc10450000 - 0x00007ffc10466000 	C:\Program Files\Java\jdk-9.0.4\bin\zip.dll
0x00007ffc10560000 - 0x00007ffc1056a000 	C:\Program Files\Java\jdk-9.0.4\bin\jimage.dll
0x00007ffc346d0000 - 0x00007ffc35b06000 	C:\WINDOWS\System32\SHELL32.dll
0x00007ffc345c0000 - 0x00007ffc34666000 	C:\WINDOWS\System32\shcore.dll
0x00007ffc32040000 - 0x00007ffc32787000 	C:\WINDOWS\System32\windows.storage.dll
0x00007ffc34670000 - 0x00007ffc346c1000 	C:\WINDOWS\System32\shlwapi.dll
0x00007ffc31fe0000 - 0x00007ffc31ff1000 	C:\WINDOWS\System32\kernel.appcore.dll
0x00007ffc31f90000 - 0x00007ffc31fdc000 	C:\WINDOWS\System32\powrprof.dll
0x00007ffc31f70000 - 0x00007ffc31f8b000 	C:\WINDOWS\System32\profapi.dll
0x00007ffc0eb00000 - 0x00007ffc0eb1a000 	C:\Program Files\Java\jdk-9.0.4\bin\net.dll
0x00007ffc297b0000 - 0x00007ffc2988e000 	C:\WINDOWS\SYSTEM32\WINHTTP.dll
0x00007ffc31800000 - 0x00007ffc31866000 	C:\WINDOWS\system32\mswsock.dll
0x00007ffc0e1a0000 - 0x00007ffc0e1b1000 	C:\Program Files\Java\jdk-9.0.4\bin\nio.dll
0x00007ffc25190000 - 0x00007ffc251aa000 	C:\Program Files\JetBrains\IntelliJ IDEA Community Edition 2017.3.4\bin\breakgen64.dll
0x00007ffc24ca0000 - 0x00007ffc24e39000 	C:\Program Files\Java\jdk-9.0.4\bin\awt.dll
0x00007ffc34050000 - 0x00007ffc34115000 	C:\WINDOWS\System32\OLEAUT32.dll
0x00007ffc2ed40000 - 0x00007ffc2f2f8000 	C:\WINDOWS\SYSTEM32\d2d1.dll
0x00007ffc32f20000 - 0x00007ffc330ee000 	C:\WINDOWS\System32\CRYPT32.dll
0x00007ffc32000000 - 0x00007ffc32012000 	C:\WINDOWS\System32\MSASN1.dll
0x00007ffc2f9c0000 - 0x00007ffc2fa48000 	C:\WINDOWS\SYSTEM32\apphelp.dll
0x00007ffc301d0000 - 0x00007ffc30265000 	C:\WINDOWS\system32\uxtheme.dll
0x00007ffc342c0000 - 0x00007ffc34427000 	C:\WINDOWS\System32\MSCTF.dll
0x00007ffc30440000 - 0x00007ffc3046a000 	C:\WINDOWS\system32\dwmapi.dll
0x00007ffc33de0000 - 0x00007ffc33f29000 	C:\WINDOWS\System32\ole32.dll
0x00007ffc25140000 - 0x00007ffc2516b000 	C:\Program Files\Java\jdk-9.0.4\bin\javajpeg.dll
0x00007ffc212f0000 - 0x00007ffc2140e000 	C:\WINDOWS\system32\opengl32.dll
0x00007ffc21000000 - 0x00007ffc2102c000 	C:\WINDOWS\SYSTEM32\GLU32.dll
0x00007ffc24c00000 - 0x00007ffc24c9d000 	C:\Program Files\Java\jdk-9.0.4\bin\fontmanager.dll
0x00007ffc14090000 - 0x00007ffc14128000 	C:\WINDOWS\System32\TextInputFramework.dll
0x00007ffc2f300000 - 0x00007ffc2f3dc000 	C:\WINDOWS\System32\CoreMessaging.dll
0x00007ffc2bfc0000 - 0x00007ffc2c2ae000 	C:\WINDOWS\System32\CoreUIComponents.dll
0x00007ffc310a0000 - 0x00007ffc310d1000 	C:\WINDOWS\SYSTEM32\ntmarta.dll
0x00007ffc2d570000 - 0x00007ffc2d6a6000 	C:\WINDOWS\SYSTEM32\wintypes.dll
0x00007ffc25040000 - 0x00007ffc25082000 	C:\Program Files\Java\jdk-9.0.4\bin\t2k.dll
0x00007ffc33240000 - 0x00007ffc332de000 	C:\WINDOWS\System32\clbcatq.dll
0x00007ffc2ca30000 - 0x00007ffc2cbdb000 	C:\WINDOWS\SYSTEM32\WindowsCodecs.dll
0x00007ffc10f40000 - 0x00007ffc10f8f000 	C:\WINDOWS\system32\dataexchange.dll
0x00007ffc2ea50000 - 0x00007ffc2ed32000 	C:\WINDOWS\system32\d3d11.dll
0x00007ffc2f3e0000 - 0x00007ffc2f522000 	C:\WINDOWS\system32\dcomp.dll
0x00007ffc30dd0000 - 0x00007ffc30e7f000 	C:\WINDOWS\system32\dxgi.dll
0x00007ffc305c0000 - 0x00007ffc3073b000 	C:\WINDOWS\system32\twinapi.appcore.dll
0x00007ffc30560000 - 0x00007ffc30580000 	C:\WINDOWS\system32\RMCLIENT.dll
0x00007ffc31ad0000 - 0x00007ffc31af5000 	C:\WINDOWS\system32\bcrypt.dll
0x00007ffc30a20000 - 0x00007ffc30be8000 	C:\WINDOWS\SYSTEM32\dbghelp.dll

VM Arguments:
jvm_args: -javaagent:C:\Program Files\JetBrains\IntelliJ IDEA Community Edition 2017.3.4\lib\idea_rt.jar=49846:C:\Program Files\JetBrains\IntelliJ IDEA Community Edition 2017.3.4\bin -Dfile.encoding=UTF-8 
java_command: com.company.Main
java_class_path (initial): C:\Users\Tomas\IdeaProjects\GRAKolkoKrzyzyk\out\production\untitled104
Launcher Type: SUN_STANDARD

Logging:
Log output configuration:
#0: stdout all=warning uptime,level,tags
#1: stderr all=off uptime,level,tags

Environment Variables:
PATH=C:\ProgramData\Oracle\Java\javapath;C:\Program Files (x86)\Intel\iCLS Client\;C:\Program Files\Intel\iCLS Client\;C:\WINDOWS\system32;C:\WINDOWS;C:\WINDOWS\System32\Wbem;C:\WINDOWS\System32\WindowsPowerShell\v1.0\;C:\Program Files (x86)\Intel\Intel(R) Management Engine Components\DAL;C:\Program Files\Intel\Intel(R) Management Engine Components\DAL;C:\Program Files (x86)\Intel\Intel(R) Management Engine Components\IPT;C:\Program Files\Intel\Intel(R) Management Engine Components\IPT;C:\Program Files (x86)\Skype\Phone\;C:\Program Files\Git\cmd;C:\Users\Tomas\AppData\Local\Microsoft\WindowsApps;C:\Users\Tomas\AppData\Local\GitHubDesktop\bin
USERNAME=Tomas
OS=Windows_NT
PROCESSOR_IDENTIFIER=Intel64 Family 6 Model 78 Stepping 3, GenuineIntel



---------------  S Y S T E M  ---------------

OS: Windows 10 , 64 bit Build 16299 (10.0.16299.15)

CPU:total 4 (initial active 4) (2 cores per cpu, 2 threads per core) family 6 model 78 stepping 3, cmov, cx8, fxsr, mmx, sse, sse2, sse3, ssse3, sse4.1, sse4.2, popcnt, avx, avx2, aes, clmul, erms, 3dnowpref, lzcnt, ht, tsc, tscinvbit, bmi1, bmi2, adx, fma

Memory: 4k page, physical 4057152k(257880k free), swap 16640064k(25708k free)

vm_info: Java HotSpot(TM) 64-Bit Server VM (9.0.4+11) for windows-amd64 JRE (9.0.4+11), built on Dec 20 2017 02:18:54 by "mach5one" with MS VC++ 12.0 (VS2013)

END.
