#
# There is insufficient memory for the Java Runtime Environment to continue.
# Native memory allocation (malloc) failed to allocate 32744 bytes for ChunkPool::allocate
# Possible reasons:
#   The system is out of physical RAM or swap space
#   The process is running with CompressedOops enabled, and the Java Heap may be blocking the growth of the native heap
# Possible solutions:
#   Reduce memory load on the system
#   Increase physical memory or swap space
#   Check if swap backing store is full
#   Decrease Java heap size (-Xmx/-Xms)
#   Decrease number of Java threads
#   Decrease Java thread stack sizes (-Xss)
#   Set larger code cache with -XX:ReservedCodeCacheSize=
#   JVM is running with Unscaled Compressed Oops mode in which the Java heap is
#     placed in the first 4GB address space. The Java Heap base address is the
#     maximum limit for the native heap growth. Please use -XX:HeapBaseMinAddress
#     to set the Java Heap base and to place the Java Heap above 4GB virtual address.
# This output file may be truncated or incomplete.
#
#  Out of Memory Error (t:/workspace/hotspot/src/share/vm/memory/allocation.cpp:256), pid=19764, tid=15608
#
# JRE version: Java(TM) SE Runtime Environment (9.0+11) (build 9.0.4+11)
# Java VM: Java HotSpot(TM) 64-Bit Server VM (9.0.4+11, mixed mode, tiered, compressed oops, g1 gc, windows-amd64)
# No core dump will be written. Minidumps are not enabled by default on client versions of Windows
#

---------------  S U M M A R Y ------------

Command Line: -javaagent:C:\Program Files\JetBrains\IntelliJ IDEA Community Edition 2017.3.4\lib\idea_rt.jar=57903:C:\Program Files\JetBrains\IntelliJ IDEA Community Edition 2017.3.4\bin -Dfile.encoding=UTF-8 com.company.Main

Host: Intel(R) Core(TM) i3-6006U CPU @ 2.00GHz, 4 cores, 3G,  Windows 10 , 64 bit Build 16299 (10.0.16299.15)
Time: Sat Mar 24 14:34:09 2018 ?rodkowoeuropejski czas stand. elapsed time: 0 seconds (0d 0h 0m 0s)

---------------  T H R E A D  ---------------

Current thread (0x000001b17fd17800):  JavaThread "C1 CompilerThread2" daemon [_thread_in_native, id=15608, stack(0x00000026e7800000,0x00000026e7900000)]


Current CompileTask:
C1:    548  303       3       jdk.internal.org.objectweb.asm.Frame::execute (2252 bytes)

Stack: [0x00000026e7800000,0x00000026e7900000]
Native frames: (J=compiled Java code, j=interpreted, Vv=VM code, C=native code)
V  [jvm.dll+0x587068]


---------------  P R O C E S S  ---------------

Java Threads: ( => current thread )
  0x000001b119f1b800 JavaThread "Service Thread" daemon [_thread_blocked, id=12240, stack(0x00000026e7c00000,0x00000026e7d00000)]
  0x000001b119f12800 JavaThread "Monitor Ctrl-Break" daemon [_thread_in_native, id=4528, stack(0x00000026e7b00000,0x00000026e7c00000)]
  0x000001b17fd82000 JavaThread "Common-Cleaner" daemon [_thread_blocked, id=16592, stack(0x00000026e7a00000,0x00000026e7b00000)]
  0x000001b17fd18800 JavaThread "Sweeper thread" daemon [_thread_blocked, id=3040, stack(0x00000026e7900000,0x00000026e7a00000)]
=>0x000001b17fd17800 JavaThread "C1 CompilerThread2" daemon [_thread_in_native, id=15608, stack(0x00000026e7800000,0x00000026e7900000)]
  0x000001b17fbc9800 JavaThread "C2 CompilerThread1" daemon [_thread_blocked, id=23288, stack(0x00000026e7700000,0x00000026e7800000)]
  0x000001b17fcb9800 JavaThread "C2 CompilerThread0" daemon [_thread_blocked, id=11896, stack(0x00000026e7600000,0x00000026e7700000)]
  0x000001b17fbc5000 JavaThread "Attach Listener" daemon [_thread_blocked, id=11600, stack(0x00000026e7500000,0x00000026e7600000)]
  0x000001b17fbc4000 JavaThread "Signal Dispatcher" daemon [_thread_blocked, id=21992, stack(0x00000026e7400000,0x00000026e7500000)]
  0x000001b17fbbd000 JavaThread "Finalizer" daemon [_thread_blocked, id=9204, stack(0x00000026e7200000,0x00000026e7300000)]
  0x000001b17fbbb000 JavaThread "Reference Handler" daemon [_thread_blocked, id=10708, stack(0x00000026e7100000,0x00000026e7200000)]
  0x000001b178f93000 JavaThread "main" [_thread_in_Java, id=9396, stack(0x00000026e6400000,0x00000026e6500000)]

Other Threads:
  0x000001b17fbb7000 VMThread "VM Thread" [stack: 0x00000026e7000000,0x00000026e7100000] [id=9096]
  0x000001b119f23000 WatcherThread [stack: 0x00000026e7d00000,0x00000026e7e00000] [id=13652]
  0x000001b178fa9800 GCTaskThread "GC Thread#0" [stack: 0x00000026e6500000,0x00000026e6600000] [id=4912]
  0x000001b178faa800 GCTaskThread "GC Thread#1" [stack: 0x00000026e6600000,0x00000026e6700000] [id=4416]
  0x000001b178fad800 GCTaskThread "GC Thread#2" [stack: 0x00000026e6700000,0x00000026e6800000] [id=21636]
  0x000001b178fb2000 GCTaskThread "GC Thread#3" [stack: 0x00000026e6800000,0x00000026e6900000] [id=19000]
  0x000001b179003800 ConcurrentGCThread "G1 Main Marker" [stack: 0x00000026e6e00000,0x00000026e6f00000] [id=3696]
  0x000001b178fb3800 ConcurrentGCThread "G1 Marker#0" [stack: 0x00000026e6f00000,0x00000026e7000000] [id=5876]
  0x000001b178fcc000 ConcurrentGCThread "G1 Refine#0" [stack: 0x00000026e6c00000,0x00000026e6d00000] [id=19564]
  0x000001b178fc7000 ConcurrentGCThread "G1 Refine#1" [stack: 0x00000026e6b00000,0x00000026e6c00000] [id=6536]
  0x000001b178fc5800 ConcurrentGCThread "G1 Refine#2" [stack: 0x00000026e6a00000,0x00000026e6b00000] [id=22904]
  0x000001b178fbd800 ConcurrentGCThread "G1 Refine#3" [stack: 0x00000026e6900000,0x00000026e6a00000] [id=18828]
  0x000001b178fcd000 ConcurrentGCThread "G1 Young RemSet Sampling" [stack: 0x00000026e6d00000,0x00000026e6e00000] [id=8764]

Threads with active compile tasks:
C1 CompilerThread2 303       3       jdk.internal.org.objectweb.asm.Frame::execute (2252 bytes)

VM state:not at safepoint (normal execution)

VM Mutex/Monitor currently owned by a thread: None

Heap address: 0x00000000c2000000, size: 992 MB, Compressed Oops mode: 32-bit
Narrow klass base: 0x0000000000000000, Narrow klass shift: 3
Compressed class space size: 1073741824 Address: 0x0000000100000000

Heap:
 garbage-first heap   total 63488K, used 5120K [0x00000000c2000000, 0x00000000c21001f0, 0x0000000100000000)
  region size 1024K, 6 young (6144K), 0 survivors (0K)
 Metaspace       used 7477K, capacity 7646K, committed 7680K, reserved 1056768K
  class space    used 703K, capacity 747K, committed 768K, reserved 1048576K
Heap Regions: E=young(eden), S=young(survivor), O=old, HS=humongous(starts), HC=humongous(continues), CS=collection set, F=free, A=archive, TS=gc time stamp, AC=allocation context, TAMS=top-at-mark-start (previous, next)
|   0|0x00000000c2000000, 0x00000000c2000000, 0x00000000c2100000|  0%| F|  |TS  0|AC  0|TAMS 0x00000000c2000000, 0x00000000c2000000|
|   1|0x00000000c2100000, 0x00000000c2100000, 0x00000000c2200000|  0%| F|  |TS  0|AC  0|TAMS 0x00000000c2100000, 0x00000000c2100000|
|   2|0x00000000c2200000, 0x00000000c2200000, 0x00000000c2300000|  0%| F|  |TS  0|AC  0|TAMS 0x00000000c2200000, 0x00000000c2200000|
|   3|0x00000000c2300000, 0x00000000c2300000, 0x00000000c2400000|  0%| F|  |TS  0|AC  0|TAMS 0x00000000c2300000, 0x00000000c2300000|
|   4|0x00000000c2400000, 0x00000000c2400000, 0x00000000c2500000|  0%| F|  |TS  0|AC  0|TAMS 0x00000000c2400000, 0x00000000c2400000|
|   5|0x00000000c2500000, 0x00000000c2500000, 0x00000000c2600000|  0%| F|  |TS  0|AC  0|TAMS 0x00000000c2500000, 0x00000000c2500000|
|   6|0x00000000c2600000, 0x00000000c2600000, 0x00000000c2700000|  0%| F|  |TS  0|AC  0|TAMS 0x00000000c2600000, 0x00000000c2600000|
|   7|0x00000000c2700000, 0x00000000c2700000, 0x00000000c2800000|  0%| F|  |TS  0|AC  0|TAMS 0x00000000c2700000, 0x00000000c2700000|
|   8|0x00000000c2800000, 0x00000000c2800000, 0x00000000c2900000|  0%| F|  |TS  0|AC  0|TAMS 0x00000000c2800000, 0x00000000c2800000|
|   9|0x00000000c2900000, 0x00000000c2900000, 0x00000000c2a00000|  0%| F|  |TS  0|AC  0|TAMS 0x00000000c2900000, 0x00000000c2900000|
|  10|0x00000000c2a00000, 0x00000000c2a00000, 0x00000000c2b00000|  0%| F|  |TS  0|AC  0|TAMS 0x00000000c2a00000, 0x00000000c2a00000|
|  11|0x00000000c2b00000, 0x00000000c2b00000, 0x00000000c2c00000|  0%| F|  |TS  0|AC  0|TAMS 0x00000000c2b00000, 0x00000000c2b00000|
|  12|0x00000000c2c00000, 0x00000000c2c00000, 0x00000000c2d00000|  0%| F|  |TS  0|AC  0|TAMS 0x00000000c2c00000, 0x00000000c2c00000|
|  13|0x00000000c2d00000, 0x00000000c2d00000, 0x00000000c2e00000|  0%| F|  |TS  0|AC  0|TAMS 0x00000000c2d00000, 0x00000000c2d00000|
|  14|0x00000000c2e00000, 0x00000000c2e00000, 0x00000000c2f00000|  0%| F|  |TS  0|AC  0|TAMS 0x00000000c2e00000, 0x00000000c2e00000|
|  15|0x00000000c2f00000, 0x00000000c2f00000, 0x00000000c3000000|  0%| F|  |TS  0|AC  0|TAMS 0x00000000c2f00000, 0x00000000c2f00000|
|  16|0x00000000c3000000, 0x00000000c3000000, 0x00000000c3100000|  0%| F|  |TS  0|AC  0|TAMS 0x00000000c3000000, 0x00000000c3000000|
|  17|0x00000000c3100000, 0x00000000c3100000, 0x00000000c3200000|  0%| F|  |TS  0|AC  0|TAMS 0x00000000c3100000, 0x00000000c3100000|
|  18|0x00000000c3200000, 0x00000000c3200000, 0x00000000c3300000|  0%| F|  |TS  0|AC  0|TAMS 0x00000000c3200000, 0x00000000c3200000|
|  19|0x00000000c3300000, 0x00000000c3300000, 0x00000000c3400000|  0%| F|  |TS  0|AC  0|TAMS 0x00000000c3300000, 0x00000000c3300000|
|  20|0x00000000c3400000, 0x00000000c3400000, 0x00000000c3500000|  0%| F|  |TS  0|AC  0|TAMS 0x00000000c3400000, 0x00000000c3400000|
|  21|0x00000000c3500000, 0x00000000c3500000, 0x00000000c3600000|  0%| F|  |TS  0|AC  0|TAMS 0x00000000c3500000, 0x00000000c3500000|
|  22|0x00000000c3600000, 0x00000000c3600000, 0x00000000c3700000|  0%| F|  |TS  0|AC  0|TAMS 0x00000000c3600000, 0x00000000c3600000|
|  23|0x00000000c3700000, 0x00000000c3700000, 0x00000000c3800000|  0%| F|  |TS  0|AC  0|TAMS 0x00000000c3700000, 0x00000000c3700000|
|  24|0x00000000c3800000, 0x00000000c3800000, 0x00000000c3900000|  0%| F|  |TS  0|AC  0|TAMS 0x00000000c3800000, 0x00000000c3800000|
|  25|0x00000000c3900000, 0x00000000c3900000, 0x00000000c3a00000|  0%| F|  |TS  0|AC  0|TAMS 0x00000000c3900000, 0x00000000c3900000|
|  26|0x00000000c3a00000, 0x00000000c3a00000, 0x00000000c3b00000|  0%| F|  |TS  0|AC  0|TAMS 0x00000000c3a00000, 0x00000000c3a00000|
|  27|0x00000000c3b00000, 0x00000000c3b00000, 0x00000000c3c00000|  0%| F|  |TS  0|AC  0|TAMS 0x00000000c3b00000, 0x00000000c3b00000|
|  28|0x00000000c3c00000, 0x00000000c3c00000, 0x00000000c3d00000|  0%| F|  |TS  0|AC  0|TAMS 0x00000000c3c00000, 0x00000000c3c00000|
|  29|0x00000000c3d00000, 0x00000000c3d00000, 0x00000000c3e00000|  0%| F|  |TS  0|AC  0|TAMS 0x00000000c3d00000, 0x00000000c3d00000|
|  30|0x00000000c3e00000, 0x00000000c3e00000, 0x00000000c3f00000|  0%| F|  |TS  0|AC  0|TAMS 0x00000000c3e00000, 0x00000000c3e00000|
|  31|0x00000000c3f00000, 0x00000000c3f00000, 0x00000000c4000000|  0%| F|  |TS  0|AC  0|TAMS 0x00000000c3f00000, 0x00000000c3f00000|
|  32|0x00000000c4000000, 0x00000000c4000000, 0x00000000c4100000|  0%| F|  |TS  0|AC  0|TAMS 0x00000000c4000000, 0x00000000c4000000|
|  33|0x00000000c4100000, 0x00000000c4100000, 0x00000000c4200000|  0%| F|  |TS  0|AC  0|TAMS 0x00000000c4100000, 0x00000000c4100000|
|  34|0x00000000c4200000, 0x00000000c4200000, 0x00000000c4300000|  0%| F|  |TS  0|AC  0|TAMS 0x00000000c4200000, 0x00000000c4200000|
|  35|0x00000000c4300000, 0x00000000c4300000, 0x00000000c4400000|  0%| F|  |TS  0|AC  0|TAMS 0x00000000c4300000, 0x00000000c4300000|
|  36|0x00000000c4400000, 0x00000000c4400000, 0x00000000c4500000|  0%| F|  |TS  0|AC  0|TAMS 0x00000000c4400000, 0x00000000c4400000|
|  37|0x00000000c4500000, 0x00000000c4500000, 0x00000000c4600000|  0%| F|  |TS  0|AC  0|TAMS 0x00000000c4500000, 0x00000000c4500000|
|  38|0x00000000c4600000, 0x00000000c4600000, 0x00000000c4700000|  0%| F|  |TS  0|AC  0|TAMS 0x00000000c4600000, 0x00000000c4600000|
|  39|0x00000000c4700000, 0x00000000c4700000, 0x00000000c4800000|  0%| F|  |TS  0|AC  0|TAMS 0x00000000c4700000, 0x00000000c4700000|
|  40|0x00000000c4800000, 0x00000000c4800000, 0x00000000c4900000|  0%| F|  |TS  0|AC  0|TAMS 0x00000000c4800000, 0x00000000c4800000|
|  41|0x00000000c4900000, 0x00000000c4900000, 0x00000000c4a00000|  0%| F|  |TS  0|AC  0|TAMS 0x00000000c4900000, 0x00000000c4900000|
|  42|0x00000000c4a00000, 0x00000000c4a00000, 0x00000000c4b00000|  0%| F|  |TS  0|AC  0|TAMS 0x00000000c4a00000, 0x00000000c4a00000|
|  43|0x00000000c4b00000, 0x00000000c4b00000, 0x00000000c4c00000|  0%| F|  |TS  0|AC  0|TAMS 0x00000000c4b00000, 0x00000000c4b00000|
|  44|0x00000000c4c00000, 0x00000000c4c00000, 0x00000000c4d00000|  0%| F|  |TS  0|AC  0|TAMS 0x00000000c4c00000, 0x00000000c4c00000|
|  45|0x00000000c4d00000, 0x00000000c4d00000, 0x00000000c4e00000|  0%| F|  |TS  0|AC  0|TAMS 0x00000000c4d00000, 0x00000000c4d00000|
|  46|0x00000000c4e00000, 0x00000000c4e00000, 0x00000000c4f00000|  0%| F|  |TS  0|AC  0|TAMS 0x00000000c4e00000, 0x00000000c4e00000|
|  47|0x00000000c4f00000, 0x00000000c4f00000, 0x00000000c5000000|  0%| F|  |TS  0|AC  0|TAMS 0x00000000c4f00000, 0x00000000c4f00000|
|  48|0x00000000c5000000, 0x00000000c5000000, 0x00000000c5100000|  0%| F|  |TS  0|AC  0|TAMS 0x00000000c5000000, 0x00000000c5000000|
|  49|0x00000000c5100000, 0x00000000c5100000, 0x00000000c5200000|  0%| F|  |TS  0|AC  0|TAMS 0x00000000c5100000, 0x00000000c5100000|
|  50|0x00000000c5200000, 0x00000000c5200000, 0x00000000c5300000|  0%| F|  |TS  0|AC  0|TAMS 0x00000000c5200000, 0x00000000c5200000|
|  51|0x00000000c5300000, 0x00000000c5300000, 0x00000000c5400000|  0%| F|  |TS  0|AC  0|TAMS 0x00000000c5300000, 0x00000000c5300000|
|  52|0x00000000c5400000, 0x00000000c5400000, 0x00000000c5500000|  0%| F|  |TS  0|AC  0|TAMS 0x00000000c5400000, 0x00000000c5400000|
|  53|0x00000000c5500000, 0x00000000c5500000, 0x00000000c5600000|  0%| F|  |TS  0|AC  0|TAMS 0x00000000c5500000, 0x00000000c5500000|
|  54|0x00000000c5600000, 0x00000000c5600000, 0x00000000c5700000|  0%| F|  |TS  0|AC  0|TAMS 0x00000000c5600000, 0x00000000c5600000|
|  55|0x00000000c5700000, 0x00000000c5700000, 0x00000000c5800000|  0%| F|  |TS  0|AC  0|TAMS 0x00000000c5700000, 0x00000000c5700000|
|  56|0x00000000c5800000, 0x00000000c5848310, 0x00000000c5900000| 28%| E|  |TS  0|AC  0|TAMS 0x00000000c5800000, 0x00000000c5800000|
|  57|0x00000000c5900000, 0x00000000c5a00000, 0x00000000c5a00000|100%| E|CS|TS  0|AC  0|TAMS 0x00000000c5900000, 0x00000000c5900000|
|  58|0x00000000c5a00000, 0x00000000c5b00000, 0x00000000c5b00000|100%| E|CS|TS  0|AC  0|TAMS 0x00000000c5a00000, 0x00000000c5a00000|
|  59|0x00000000c5b00000, 0x00000000c5c00000, 0x00000000c5c00000|100%| E|CS|TS  0|AC  0|TAMS 0x00000000c5b00000, 0x00000000c5b00000|
|  60|0x00000000c5c00000, 0x00000000c5d00000, 0x00000000c5d00000|100%| E|CS|TS  0|AC  0|TAMS 0x00000000c5c00000, 0x00000000c5c00000|
|  61|0x00000000c5d00000, 0x00000000c5e00000, 0x00000000c5e00000|100%| E|CS|TS  0|AC  0|TAMS 0x00000000c5d00000, 0x00000000c5d00000|

Card table byte_map: [0x000001b17b360000,0x000001b17b550000] byte_map_base: 0x000001b17ad50000

Marking Bits (Prev, Next): (CMBitMap*) 0x000001b179002b80, (CMBitMap*) 0x000001b179002bb8
 Prev Bits: [0x000001b17b740000, 0x000001b17c6c0000)
 Next Bits: [0x000001b17c6c0000, 0x000001b17d640000)

Polling page: 0x000001b176ec0000

CodeHeap 'non-profiled nmethods': size=120064Kb used=98Kb max_used=98Kb free=119965Kb
 bounds [0x000001b112110000, 0x000001b112380000, 0x000001b119650000]
CodeHeap 'profiled nmethods': size=120000Kb used=373Kb max_used=373Kb free=119626Kb
 bounds [0x000001b10abe0000, 0x000001b10ae50000, 0x000001b112110000]
CodeHeap 'non-nmethods': size=5696Kb used=1203Kb max_used=1213Kb free=4492Kb
 bounds [0x000001b10a650000, 0x000001b10a8c0000, 0x000001b10abe0000]
 total_blobs=733 nmethods=316 adapters=258
 compilation: enabled

Compilation events (10 events):
Event: 0.536 Thread 0x000001b17fcb9800 nmethod 293 0x000001b112125f10 code [0x000001b1121260a0, 0x000001b112126278]
Event: 0.536 Thread 0x000001b17fd17800  299       1       java.lang.invoke.LambdaForm$BasicType::basicTypeClass (5 bytes)
Event: 0.536 Thread 0x000001b17fd17800 nmethod 299 0x000001b112126390 code [0x000001b112126540, 0x000001b112126658]
Event: 0.536 Thread 0x000001b17fd17800  300       3       java.lang.Class::getComponentType (14 bytes)
Event: 0.537 Thread 0x000001b17fd17800 nmethod 300 0x000001b10ac3af10 code [0x000001b10ac3b0c0, 0x000001b10ac3b330]
Event: 0.537 Thread 0x000001b17fd17800  301       1       java.lang.invoke.LambdaForm$Name::type (5 bytes)
Event: 0.537 Thread 0x000001b17fd17800 nmethod 301 0x000001b112126710 code [0x000001b1121268c0, 0x000001b1121269d8]
Event: 0.537 Thread 0x000001b17fd17800  302   !   3       java.lang.invoke.MemberName::getMethodType (202 bytes)
Event: 0.539 Thread 0x000001b17fd17800 nmethod 302 0x000001b10ac3b410 code [0x000001b10ac3b700, 0x000001b10ac3cf60]
Event: 0.539 Thread 0x000001b17fd17800  303       3       jdk.internal.org.objectweb.asm.Frame::execute (2252 bytes)

GC Heap History (0 events):
No events

Deoptimization events (1 events):
Event: 0.315 Thread 0x000001b178f93000 Uncommon trap: reason=unstable_if action=reinterpret pc=0x000001b11211b398 method=java.lang.String.charAt(I)C @ 4 c2

Classes redefined (0 events):
No events

Internal exceptions (1 events):
Event: 0.471 Thread 0x000001b178f93000 Exception <a 'java/lang/ClassNotFoundException'{0x00000000c59b7688}: sun/awt/resources/spi/awtProvider> (0x00000000c59b7688) thrown at [t:/workspace/hotspot/src/share/vm/classfile/systemDictionary.cpp, line 218]

Events (10 events):
Event: 0.530 loading class java/lang/invoke/StringConcatFactory$Stringifiers$StringifierMost done
Event: 0.530 loading class java/lang/ClassValue$Entry
Event: 0.530 loading class java/lang/ClassValue$Entry done
Event: 0.530 loading class java/lang/ClassValue$Identity
Event: 0.530 loading class java/lang/ClassValue$Identity done
Event: 0.530 loading class java/lang/ClassValue$Version
Event: 0.530 loading class java/lang/ClassValue$Version done
Event: 0.530 loading class java/lang/invoke/StringConcatFactory$Stringifiers$StringifierAny
Event: 0.530 loading class java/lang/invoke/StringConcatFactory$Stringifiers$StringifierAny done
Event: 0.545 loading class java/lang/invoke/BoundMethodHandle$Species_L5


Dynamic libraries:
0x00007ff7e5d50000 - 0x00007ff7e5d8e000 	C:\Program Files\Java\jdk-9.0.4\bin\java.exe
0x00007ffb5fc70000 - 0x00007ffb5fe50000 	C:\WINDOWS\SYSTEM32\ntdll.dll
0x00007ffb5dbf0000 - 0x00007ffb5dc9e000 	C:\WINDOWS\System32\KERNEL32.DLL
0x00007ffb5c600000 - 0x00007ffb5c866000 	C:\WINDOWS\System32\KERNELBASE.dll
0x00007ffb5de70000 - 0x00007ffb5df11000 	C:\WINDOWS\System32\ADVAPI32.dll
0x00007ffb5db50000 - 0x00007ffb5dbed000 	C:\WINDOWS\System32\msvcrt.dll
0x00007ffb5e460000 - 0x00007ffb5e4bb000 	C:\WINDOWS\System32\sechost.dll
0x00007ffb5d160000 - 0x00007ffb5d27f000 	C:\WINDOWS\System32\RPCRT4.dll
0x00007ffb5e4c0000 - 0x00007ffb5e64f000 	C:\WINDOWS\System32\USER32.dll
0x00007ffb5c210000 - 0x00007ffb5c230000 	C:\WINDOWS\System32\win32u.dll
0x00007ffb5df20000 - 0x00007ffb5df48000 	C:\WINDOWS\System32\GDI32.dll
0x00007ffb5c400000 - 0x00007ffb5c593000 	C:\WINDOWS\System32\gdi32full.dll
0x00007ffb5c170000 - 0x00007ffb5c20b000 	C:\WINDOWS\System32\msvcp_win.dll
0x00007ffb5c070000 - 0x00007ffb5c166000 	C:\WINDOWS\System32\ucrtbase.dll
0x00007ffb50360000 - 0x00007ffb505c9000 	C:\WINDOWS\WinSxS\amd64_microsoft.windows.common-controls_6595b64144ccf1df_6.0.16299.309_none_15cfd4c4935e6b11\COMCTL32.dll
0x00007ffb5a760000 - 0x00007ffb5a76a000 	C:\WINDOWS\SYSTEM32\VERSION.dll
0x00007ffb5df50000 - 0x00007ffb5e258000 	C:\WINDOWS\System32\combase.dll
0x00007ffb5d0c0000 - 0x00007ffb5d132000 	C:\WINDOWS\System32\bcryptPrimitives.dll
0x00007ffb5d5c0000 - 0x00007ffb5d5ed000 	C:\WINDOWS\System32\IMM32.DLL
0x00007ffb2b220000 - 0x00007ffb2b30f000 	C:\Program Files\Java\jdk-9.0.4\bin\msvcr120.dll
0x00007ffb149a0000 - 0x00007ffb14a46000 	C:\Program Files\Java\jdk-9.0.4\bin\msvcp120.dll
0x000000005dae0000 - 0x000000005e505000 	C:\Program Files\Java\jdk-9.0.4\bin\server\jvm.dll
0x00007ffb5d140000 - 0x00007ffb5d148000 	C:\WINDOWS\System32\PSAPI.DLL
0x00007ffb4f950000 - 0x00007ffb4f959000 	C:\WINDOWS\SYSTEM32\WSOCK32.dll
0x00007ffb5d550000 - 0x00007ffb5d5bc000 	C:\WINDOWS\System32\WS2_32.dll
0x00007ffb57650000 - 0x00007ffb57673000 	C:\WINDOWS\SYSTEM32\WINMM.dll
0x00007ffb57620000 - 0x00007ffb5764a000 	C:\WINDOWS\SYSTEM32\WINMMBASE.dll
0x00007ffb5c870000 - 0x00007ffb5c8ba000 	C:\WINDOWS\System32\cfgmgr32.dll
0x00007ffb517f0000 - 0x00007ffb517ff000 	C:\Program Files\Java\jdk-9.0.4\bin\verify.dll
0x00007ffb4edb0000 - 0x00007ffb4edd7000 	C:\Program Files\Java\jdk-9.0.4\bin\java.dll
0x00007ffb51830000 - 0x00007ffb5185a000 	C:\Program Files\Java\jdk-9.0.4\bin\instrument.dll
0x00007ffb4e580000 - 0x00007ffb4e596000 	C:\Program Files\Java\jdk-9.0.4\bin\zip.dll
0x00007ffb4e630000 - 0x00007ffb4e63a000 	C:\Program Files\Java\jdk-9.0.4\bin\jimage.dll
0x00007ffb5e650000 - 0x00007ffb5fa86000 	C:\WINDOWS\System32\SHELL32.dll
0x00007ffb5e3b0000 - 0x00007ffb5e456000 	C:\WINDOWS\System32\shcore.dll
0x00007ffb5c970000 - 0x00007ffb5d0b7000 	C:\WINDOWS\System32\windows.storage.dll
0x00007ffb5de10000 - 0x00007ffb5de61000 	C:\WINDOWS\System32\shlwapi.dll
0x00007ffb5bfc0000 - 0x00007ffb5bfd1000 	C:\WINDOWS\System32\kernel.appcore.dll
0x00007ffb5bfe0000 - 0x00007ffb5c02c000 	C:\WINDOWS\System32\powrprof.dll
0x00007ffb5c050000 - 0x00007ffb5c06b000 	C:\WINDOWS\System32\profapi.dll
0x00007ffb3add0000 - 0x00007ffb3adea000 	C:\Program Files\Java\jdk-9.0.4\bin\net.dll
0x00007ffb55010000 - 0x00007ffb550ee000 	C:\WINDOWS\SYSTEM32\WINHTTP.dll
0x00007ffb5b850000 - 0x00007ffb5b8b6000 	C:\WINDOWS\system32\mswsock.dll
0x00007ffb34130000 - 0x00007ffb34141000 	C:\Program Files\Java\jdk-9.0.4\bin\nio.dll
0x00007ffb518b0000 - 0x00007ffb518ca000 	C:\Program Files\JetBrains\IntelliJ IDEA Community Edition 2017.3.4\bin\breakgen64.dll
0x00007ffb14f80000 - 0x00007ffb15119000 	C:\Program Files\Java\jdk-9.0.4\bin\awt.dll
0x00007ffb5faf0000 - 0x00007ffb5fbb5000 	C:\WINDOWS\System32\OLEAUT32.dll
0x00007ffb589c0000 - 0x00007ffb58f78000 	C:\WINDOWS\SYSTEM32\d2d1.dll
0x00007ffb5c230000 - 0x00007ffb5c3fe000 	C:\WINDOWS\System32\CRYPT32.dll
0x00007ffb5c030000 - 0x00007ffb5c042000 	C:\WINDOWS\System32\MSASN1.dll
0x00007ffb59590000 - 0x00007ffb59618000 	C:\WINDOWS\SYSTEM32\apphelp.dll
0x00007ffb5aa60000 - 0x00007ffb5ac28000 	C:\WINDOWS\SYSTEM32\dbghelp.dll

VM Arguments:
jvm_args: -javaagent:C:\Program Files\JetBrains\IntelliJ IDEA Community Edition 2017.3.4\lib\idea_rt.jar=57903:C:\Program Files\JetBrains\IntelliJ IDEA Community Edition 2017.3.4\bin -Dfile.encoding=UTF-8 
java_command: com.company.Main
java_class_path (initial): C:\Users\Tomas\IdeaProjects\GRAKolkoKrzyzyk\out\production\untitled104
Launcher Type: SUN_STANDARD

Logging:
Log output configuration:
#0: stdout all=warning uptime,level,tags
#1: stderr all=off uptime,level,tags

Environment Variables:
PATH=C:\ProgramData\Oracle\Java\javapath;C:\Program Files (x86)\Intel\iCLS Client\;C:\Program Files\Intel\iCLS Client\;C:\WINDOWS\system32;C:\WINDOWS;C:\WINDOWS\System32\Wbem;C:\WINDOWS\System32\WindowsPowerShell\v1.0\;C:\Program Files (x86)\Intel\Intel(R) Management Engine Components\DAL;C:\Program Files\Intel\Intel(R) Management Engine Components\DAL;C:\Program Files (x86)\Intel\Intel(R) Management Engine Components\IPT;C:\Program Files\Intel\Intel(R) Management Engine Components\IPT;C:\Program Files (x86)\Skype\Phone\;C:\Program Files\Git\cmd;C:\Users\Tomas\AppData\Local\Microsoft\WindowsApps;C:\Users\Tomas\AppData\Local\GitHubDesktop\bin
USERNAME=Tomas
OS=Windows_NT
PROCESSOR_IDENTIFIER=Intel64 Family 6 Model 78 Stepping 3, GenuineIntel



---------------  S Y S T E M  ---------------

OS: Windows 10 , 64 bit Build 16299 (10.0.16299.15)

CPU:total 4 (initial active 4) (2 cores per cpu, 2 threads per core) family 6 model 78 stepping 3, cmov, cx8, fxsr, mmx, sse, sse2, sse3, ssse3, sse4.1, sse4.2, popcnt, avx, avx2, aes, clmul, erms, 3dnowpref, lzcnt, ht, tsc, tscinvbit, bmi1, bmi2, adx, fma

Memory: 4k page, physical 4057152k(320308k free), swap 16640064k(0k free)

vm_info: Java HotSpot(TM) 64-Bit Server VM (9.0.4+11) for windows-amd64 JRE (9.0.4+11), built on Dec 20 2017 02:18:54 by "mach5one" with MS VC++ 12.0 (VS2013)

END.
